[11:59:53] [ServerMain/INFO]: Environment: authHost='https://authserver.mojang.com', accountsHost='https://api.mojang.com', sessionHost='https://sessionserver.mojang.com', servicesHost='https://api.minecraftservices.com', name='PROD'
[11:59:54] [ServerMain/INFO]: Found new data pack file/bukkit, loading it automatically
[12:00:03] [Worker-Main-1/INFO]: Loaded 7 recipes
[12:00:13] [Server thread/INFO]: Starting minecraft server version 1.18.2
[12:00:13] [Server thread/INFO]: Loading properties
[12:00:14] [Server thread/INFO]: This server is running Paper version git-Paper-318 (MC: 1.18.2) (Implementing API version 1.18.2-R0.1-SNAPSHOT) (Git: 2ab0258)
[12:00:14] [Server thread/INFO]: Server Ping Player Sample Count: 12
[12:00:14] [Server thread/INFO]: Using 4 threads for Netty based IO
[12:00:15] [Server thread/INFO]: Default game type: SURVIVAL
[12:00:15] [Server thread/INFO]: Generating keypair
[12:00:16] [Server thread/INFO]: Starting Minecraft server on *:25565
[12:00:16] [Server thread/INFO]: Using default channel type
[12:00:17] [Server thread/INFO]: Paper: Using Java 11 compression from Velocity.
[12:00:17] [Server thread/INFO]: Paper: Using Java cipher from Velocity.
[12:00:18] [Server thread/WARN]: **** SERVER IS RUNNING IN OFFLINE/INSECURE MODE!
[12:00:18] [Server thread/WARN]: The server will make no attempt to authenticate usernames. Beware.
[12:00:18] [Server thread/WARN]: While this makes the game possible to play without internet access, it also opens up the ability for hackers to connect with any username they choose.
[12:00:18] [Server thread/WARN]: To change this, set "online-mode" to "true" in the server.properties file.
[12:00:18] [Server thread/INFO]: Preparing level "world"
[12:00:43] [Server thread/INFO]: Preparing start region for dimension minecraft:overworld
[12:00:43] [Server thread/INFO]: Time elapsed: 812 ms
[12:00:43] [Server thread/INFO]: Preparing start region for dimension minecraft:the_end
[12:00:44] [Server thread/INFO]: Time elapsed: 906 ms
[12:00:44] [Server thread/INFO]: Preparing start region for dimension minecraft:the_nether
[12:00:45] [Server thread/INFO]: Time elapsed: 558 ms
[12:00:45] [Server thread/INFO]: Running delayed init tasks
[12:00:45] [Server thread/INFO]: Done (32.687s)! For help, type "help"
[12:00:45] [Server thread/INFO]: Timings Reset
[12:03:24] [Server thread/INFO]: Stopping server
[12:03:24] [Server thread/INFO]: Saving players
[12:03:24] [Server thread/INFO]: Saving worlds
[12:03:26] [Server thread/INFO]: Saving chunks for level 'ServerLevel[world]'/minecraft:overworld
[12:03:43] [Server thread/INFO]: Saving chunks for level 'ServerLevel[world_the_end]'/minecraft:the_end
[12:03:43] [Server thread/INFO]: Saving chunks for level 'ServerLevel[world_nether]'/minecraft:the_nether
[12:03:43] [Server thread/INFO]: ThreadedAnvilChunkStorage (world): All chunks are saved
[12:03:43] [Server thread/INFO]: ThreadedAnvilChunkStorage (DIM1): All chunks are saved
[12:03:43] [Server thread/INFO]: ThreadedAnvilChunkStorage (DIM-1): All chunks are saved
[12:03:43] [Server thread/INFO]: ThreadedAnvilChunkStorage: All dimensions are saved
[12:03:46] [Server thread/INFO]: Flushing Chunk IO
[12:03:46] [Server thread/INFO]: Closing Thread Pool
[12:03:46] [Server thread/INFO]: Closing Server
